Thu 19:45: PROGRESS: MaxCompiler version: 2015.2
Thu 19:45: PROGRESS: Build "TwoDAverageVariable" start time: Thu May 31 19:45:32 UTC 2018
Thu 19:45: PROGRESS: Main build process running as user a01406933 on host d965288534bd
Thu 19:45: INFO    : Loading build properties from bundled MaxCompiler_build.conf...
Thu 19:45: INFO    : Loading default build properties from /opt/MaxCompiler_build.conf
Thu 19:45: INFO    : User build properties not found in file: /home/a01406933/.MaxCompiler_build_user.conf
Thu 19:45: INFO    : No user-specified external build property file has been specified.
Thu 19:45: INFO    : (Set environment variable MAXCOMPILER_BUILD_CONF_FILE to assign one)
Thu 19:45: INFO    : Loading additional parameters from MAXCOMPILER_BUILD_CONF environment variable
Thu 19:45: PROGRESS: Build location: /tmp/TwoDAverageVariable_MAIA_DFE_SIM
Thu 19:45: PROGRESS: Detailed build log available in "_build.log"
Thu 19:45: INFO    : Created build manager TwoDAverageVariable (TwoDAverageVariable_MAIA_DFE_SIM Thu May 31 19:45:32 UTC 2018). (19:45:32 31/05/18)
Thu 19:45: INFO    : Working in dir: /tmp/TwoDAverageVariable_MAIA_DFE_SIM
Thu 19:45: INFO    : Java class path (2 paths):
Thu 19:45: INFO    : 	/home/a01406933/WebIDE-Projects/Erosion/RunRules/Simulation/dist/bin
Thu 19:45: INFO    : 	/opt/maxcompiler/lib/MaxCompiler.jar
Thu 19:45: INFO    : Java process started by 'main' method in class 'twodaveragevariable.TwoDAverageVariableManager'.
Thu 19:45: INFO    : build.arbitrated_core_cache parameter is blank, not using core-cache
Thu 19:45: INFO    : Checking license files in directory: /opt/maxcompiler//licenses
Thu 19:45: INFO    : All license signatures valid.
Thu 19:45: PROGRESS: Instantiating manager
Thu 19:45: PROGRESS: Instantiating kernel "TwoDAverageVariableKernel"
Thu 19:45: INFO    : Backing-up source-files (old source files in build directory will be removed first)...
Thu 19:45: INFO    : Source directories: src
Thu 19:45: INFO    : Not deleting directory (does not exist): src
Thu 19:45: INFO    : Copying source-files took 3.33653 ms
Thu 19:45: PROGRESS: Compiling manager (CPU I/O Only)
Thu 19:45: INFO    : Backing-up source-files (old source files in build directory will be removed first)...
Thu 19:45: INFO    : Source directories: src
Thu 19:45: INFO    : Deleting directory: src
Thu 19:45: INFO    : Copying source-files took 2.71622 ms
Thu 19:45: INFO    : Manager Configuration:
Thu 19:45: INFO    : 	ManagerConfiguration.allowNonMultipleTransitions = false                   [Init: false]
Thu 19:45: INFO    : 	ManagerConfiguration.board = MAX4848A                                      [Init: null, init: MAX4848A]
Thu 19:45: INFO    : 	ManagerConfiguration.build.buildEffort = MEDIUM                            [Init: MEDIUM]
Thu 19:45: INFO    : 	ManagerConfiguration.build.enableChipScopeInserter = false                 [Init: false]
Thu 19:45: INFO    : 	ManagerConfiguration.build.enableTimingAnalysis = true                     [Init: true]
Thu 19:45: INFO    : 	ManagerConfiguration.build.level = FULL_BUILD                              [Init: FULL_BUILD]
Thu 19:45: INFO    : 	ManagerConfiguration.build.mpprContinueAfterMeetingTiming = false          [Init: false]
Thu 19:45: INFO    : 	ManagerConfiguration.build.mpprCtMax = 1                                   [Init: 1]
Thu 19:45: INFO    : 	ManagerConfiguration.build.mpprCtMin = 1                                   [Init: 1]
Thu 19:45: INFO    : 	ManagerConfiguration.build.mpprParallelism = 1                             [Init: 1]
Thu 19:45: INFO    : 	ManagerConfiguration.build.mpprRetryMissesThrshld = 0                      [Init: 0]
Thu 19:45: INFO    : 	ManagerConfiguration.build.optGoal = BALANCED                              [Init: BALANCED]
Thu 19:45: INFO    : 	ManagerConfiguration.build.physSynthAsyncPipelining = AUTO                 [Init: AUTO]
Thu 19:45: INFO    : 	ManagerConfiguration.build.physSynthCombLogic = AUTO                       [Init: AUTO]
Thu 19:45: INFO    : 	ManagerConfiguration.build.physSynthCombLogicForArea = AUTO                [Init: AUTO]
Thu 19:45: INFO    : 	ManagerConfiguration.build.physSynthEffort = AUTO                          [Init: AUTO]
Thu 19:45: INFO    : 	ManagerConfiguration.build.physSynthRegDuplication = AUTO                  [Init: AUTO]
Thu 19:45: INFO    : 	ManagerConfiguration.build.physSynthRetiming = AUTO                        [Init: AUTO]
Thu 19:45: INFO    : 	ManagerConfiguration.build.physicalSynthesis = false                       [Init: false]
Thu 19:45: INFO    : 	ManagerConfiguration.buildTarget = DFE_SIM                                 [Init: null, init: DFE_SIM]
Thu 19:45: INFO    : 	ManagerConfiguration.debug.chipscopeCaptureDepth = 4096                    [Init: 4096]
Thu 19:45: INFO    : 	ManagerConfiguration.debug.fifoUnderOverFlowRegs = false                   [Init: false]
Thu 19:45: INFO    : 	ManagerConfiguration.debug.memCtlDebugRegs = true                          [Init: true]
Thu 19:45: INFO    : 	ManagerConfiguration.debug.memCtlExtraDebugRegs = false                    [Init: false]
Thu 19:45: INFO    : 	ManagerConfiguration.debug.memMarginingSupport = false                     [Init: false]
Thu 19:45: INFO    : 	ManagerConfiguration.debug.memPhyDebugRegister = NONE                      [Init: NONE]
Thu 19:45: INFO    : 	ManagerConfiguration.debug.memPllLockDebugRegs = true                      [Init: true]
Thu 19:45: INFO    : 	ManagerConfiguration.debug.streamStatus = false                            [Init: false]
Thu 19:45: INFO    : 	ManagerConfiguration.debug.streamStatusChecksums = false                   [Init: false]
Thu 19:45: INFO    : 	ManagerConfiguration.dram.addressGeneratorsInSlowClock = false             [Init: false]
Thu 19:45: INFO    : 	ManagerConfiguration.dram.arbitrationMode = ROUND_ROBIN                    [Init: ROUND_ROBIN]
Thu 19:45: INFO    : 	ManagerConfiguration.dram.burstSize = 8                                    [Init: 8]
Thu 19:45: INFO    : 	ManagerConfiguration.dram.cmdFifoInReg = false                             [Init: false]
Thu 19:45: INFO    : 	ManagerConfiguration.dram.cmdFifoLutRam = false                            [Init: false]
Thu 19:45: INFO    : 	ManagerConfiguration.dram.cmdFifoRegInRam = true                           [Init: true]
Thu 19:45: INFO    : 	ManagerConfiguration.dram.cmdFifoSize = 31                                 [Init: 31]
Thu 19:45: INFO    : 	ManagerConfiguration.dram.commandEchoModeEnabled = false                   [Init: false]
Thu 19:45: INFO    : 	ManagerConfiguration.dram.commandEchoModeFifoDepth = 512                   [Init: 512]
Thu 19:45: INFO    : 	ManagerConfiguration.dram.commandEchoModeStreamAlmostEmptyLatency = 792    [Init: 792]
Thu 19:45: INFO    : 	ManagerConfiguration.dram.commandEchoModeStreamAlmostEmptyLatency = 8      [Init: 8]
Thu 19:45: INFO    : 	ManagerConfiguration.dram.commandEchoModeStreamStallLatency = 8            [Init: 8]
Thu 19:45: INFO    : 	ManagerConfiguration.dram.dataFifoDepth = 512                              [Init: 512]
Thu 19:45: INFO    : 	ManagerConfiguration.dram.dataFifoLutRam = false                           [Init: false]
Thu 19:45: INFO    : 	ManagerConfiguration.dram.dataFifoWidth = 792                              [Init: 792]
Thu 19:45: INFO    : 	ManagerConfiguration.dram.eccMode = true                                   [Init: false, change: true]
Thu 19:45: INFO    : 	ManagerConfiguration.dram.fabricDataFifoReg = true                         [Init: true]
Thu 19:45: INFO    : 	ManagerConfiguration.dram.fabricRdDataFifoReg = false                      [Init: false]
Thu 19:45: INFO    : 	ManagerConfiguration.dram.flagSupport = false                              [Init: false]
Thu 19:45: INFO    : 	ManagerConfiguration.dram.highPrioStream = false                           [Init: false]
Thu 19:45: INFO    : 	ManagerConfiguration.dram.max2CompatMode = false                           [Init: false]
Thu 19:45: INFO    : 	ManagerConfiguration.dram.max4m_GALAVA_MCP_UseRefClk = false               [Init: false]
Thu 19:45: INFO    : 	ManagerConfiguration.dram.max4m_MAIA_MCP_UseRefClk = false                 [Init: false]
Thu 19:45: INFO    : 	ManagerConfiguration.dram.max4qrateMode = false                            [Init: false]
Thu 19:45: INFO    : 	ManagerConfiguration.dram.memCmdIncSize = 8                                [Init: 8]
Thu 19:45: INFO    : 	ManagerConfiguration.dram.memCmdStartAddrSize = 32                         [Init: 32]
Thu 19:45: INFO    : 	ManagerConfiguration.dram.onCardMemFreq = 400.0                            [Init: 0.0, change: 400.0]
Thu 19:45: INFO    : 	ManagerConfiguration.dram.parEccDebugStream = false                        [Init: false]
Thu 19:45: INFO    : 	ManagerConfiguration.dram.parityEccWidth = 72                              [Init: 0, change: 72]
Thu 19:45: INFO    : 	ManagerConfiguration.dram.parityMode = true                                [Init: false, change: true]
Thu 19:45: INFO    : 	ManagerConfiguration.dram.perdqsPhaseDetect = false                        [Init: false]
Thu 19:45: INFO    : 	ManagerConfiguration.dram.performanceMode = true                           [Init: true]
Thu 19:45: INFO    : 	ManagerConfiguration.enableMPCX = false                                    [Init: false, init: false]
Thu 19:45: INFO    : 	ManagerConfiguration.maxring.maxringConnections = []                       [Init: []]
Thu 19:45: INFO    : 	ManagerConfiguration.maxring.maxringNumLanes = {}                          [Init: {}]
Thu 19:45: INFO    : 	ManagerConfiguration.multiCycleMappedMemoryBus = false                     [Init: false]
Thu 19:45: INFO    : 	ManagerConfiguration.network.qsfp0Mode = QSFP_OFF                          [Init: QSFP_OFF]
Thu 19:45: INFO    : 	ManagerConfiguration.network.qsfp1Mode = QSFP_OFF                          [Init: QSFP_OFF]
Thu 19:45: INFO    : 	ManagerConfiguration.network.qsfp2Mode = QSFP_OFF                          [Init: QSFP_OFF]
Thu 19:45: INFO    : 	ManagerConfiguration.network.qsfp3Mode = QSFP_OFF                          [Init: QSFP_OFF]
Thu 19:45: INFO    : 	ManagerConfiguration.network.qsfp4Mode = QSFP_OFF                          [Init: QSFP_OFF]
Thu 19:45: INFO    : 	ManagerConfiguration.network.qsfp5Mode = QSFP_OFF                          [Init: QSFP_OFF]
Thu 19:45: INFO    : 	ManagerConfiguration.network.qsfp6Mode = QSFP_OFF                          [Init: QSFP_OFF]
Thu 19:45: INFO    : 	ManagerConfiguration.network.qsfp7Mode = QSFP_OFF                          [Init: QSFP_OFF]
Thu 19:45: INFO    : 	ManagerConfiguration.pcie.numPCIeLanes = 8                                 [Init: 0, change: 8]
Thu 19:45: INFO    : 	ManagerConfiguration.pcie.pcieFastClock = true                             [Init: false, change: true]
Thu 19:45: INFO    : 	ManagerConfiguration.pcie.streamFromHostMaxNum = 0                         [Init: 0]
Thu 19:45: INFO    : 	ManagerConfiguration.pcie.streamToHostMaxNum = 0                           [Init: 0]
Thu 19:45: INFO    : 	ManagerConfiguration.persona.boardModel = MAX4848A                         [Init: null, change: MAX4848A]
Thu 19:45: INFO    : 	ManagerConfiguration.persona.ddr3Enable = false                            [Init: false]
Thu 19:45: INFO    : 	ManagerConfiguration.persona.ddr3Frq = 400.0                               [Init: 400.0]
Thu 19:45: INFO    : 	ManagerConfiguration.persona.ddr3Qmode = false                             [Init: false]
Thu 19:45: INFO    : 	ManagerConfiguration.persona.disableMultiplePersona = true                 [Init: true]
Thu 19:45: INFO    : 	ManagerConfiguration.persona.dynamic_scaling = false                       [Init: false]
Thu 19:45: INFO    : 	ManagerConfiguration.persona.enableCPLDOverrideOutpus = false              [Init: false]
Thu 19:45: INFO    : 	ManagerConfiguration.persona.enableJDFEPTPTestLogic = false                [Init: false]
Thu 19:45: INFO    : 	ManagerConfiguration.persona.maxRingLocal = false                          [Init: false]
Thu 19:45: INFO    : 	ManagerConfiguration.persona.maxRingOptical = false                        [Init: false]
Thu 19:45: INFO    : 	ManagerConfiguration.persona.maxringDataRate = 2500.0                      [Init: 2500.0]
Thu 19:45: INFO    : 	ManagerConfiguration.persona.maxringOpticalDataRate = 10000.0              [Init: 10000.0]
Thu 19:45: INFO    : 	ManagerConfiguration.persona.mode = InitMode                               [Init: InitMode]
Thu 19:45: INFO    : 	ManagerConfiguration.persona.networkPTP = OFF                              [Init: OFF]
Thu 19:45: INFO    : 	ManagerConfiguration.persona.panMaxRingA = false                           [Init: false]
Thu 19:45: INFO    : 	ManagerConfiguration.persona.panMaxRingB = false                           [Init: false]
Thu 19:45: INFO    : 	ManagerConfiguration.persona.personaInterfaceVersion = 1                   [Init: 1]
Thu 19:45: INFO    : 	ManagerConfiguration.persona.qdr2Enable = false                            [Init: false]
Thu 19:45: INFO    : 	ManagerConfiguration.persona.qdr2Frq = 350.0                               [Init: 350.0]
Thu 19:45: INFO    : 	ManagerConfiguration.persona.streamClks = 1                                [Init: 1]
Thu 19:45: INFO    : 	ManagerConfiguration.persona.streamFrq = [100.0]                           [Init: [150.0], change: [100.0]]
Thu 19:45: INFO    : 	ManagerConfiguration.persona.streamPs = [0]                                [Init: [0]]
Thu 19:45: INFO    : 	ManagerConfiguration.persona.usePCIeGen1 = false                           [Init: false]
Thu 19:45: INFO    : 	ManagerConfiguration.simulation.nativeFloatingPoint = false                [Init: false]
Thu 19:45: INFO    : 	ManagerConfiguration.streamClockFrq = 100                                  [Init: 100]
Thu 19:45: INFO    : 	ManagerConfiguration.useLegacyStreamFIFOs = false                          [Init: false]
Thu 19:45: INFO    : 
Thu 19:45: INFO    :  -- 
Thu 19:45: PROGRESS: 
Thu 19:45: PROGRESS: Compiling kernel "TwoDAverageVariableKernel"
Thu 19:45: INFO    : Configuration:
Thu 19:45: INFO    : 	KernelConfiguration.additionalInputPipelining = 64                                          [Init: 64]
Thu 19:45: INFO    : 	KernelConfiguration.allowDSPCascading = true                                                [Init: true]
Thu 19:45: INFO    : 	KernelConfiguration.allowInputsOutputsBeforeFlushNode = false                               [Init: false]
Thu 19:45: INFO    : 	KernelConfiguration.allowZeroLatencyNodeHold = false                                        [Init: false]
Thu 19:45: INFO    : 	KernelConfiguration.board = MAX4848A                                                        [Init: MAX2116B, change: MAX4848A]
Thu 19:45: INFO    : 	KernelConfiguration.bramBitsThreshold = 2080                                                [Init: 2080]
Thu 19:45: INFO    : 	KernelConfiguration.buildTarget = MAXCOMPILERSIM_HOST_DRIVEN                                [Init: NONE, change: MAXCOMPILERSIM_HOST_DRIVEN]
Thu 19:45: INFO    : 	KernelConfiguration.cePipelining = 2                                                        [Init: 2]
Thu 19:45: INFO    : 	KernelConfiguration.clockPhaseBalanceThreshold = 0.1                                        [Init: 0.1]
Thu 19:45: INFO    : 	KernelConfiguration.clockPhasingRetries = 50                                                [Init: 50]
Thu 19:45: INFO    : 	KernelConfiguration.dumpNeighboursString =                                                  [Init: ]
Thu 19:45: INFO    : 	KernelConfiguration.enableCeReplication = true                                              [Init: true]
Thu 19:45: INFO    : 	KernelConfiguration.enableClockPhasePartitioning = false                                    [Init: false]
Thu 19:45: INFO    : 	KernelConfiguration.enableDebugIOControlRegs = true                                         [Init: true]
Thu 19:45: INFO    : 	KernelConfiguration.enableDummyBuild = false                                                [Init: false]
Thu 19:45: INFO    : 	KernelConfiguration.enableKernelProfiler = false                                            [Init: false]
Thu 19:45: INFO    : 	KernelConfiguration.enablePipelinedComputeController = false                                [Init: false]
Thu 19:45: INFO    : 	KernelConfiguration.enableShadowRegister = false                                            [Init: false]
Thu 19:45: INFO    : 	KernelConfiguration.enableSmartKernelControl = false                                        [Init: false]
Thu 19:45: INFO    : 	KernelConfiguration.fifoSrlRegisterStages = 1                                               [Init: 1]
Thu 19:45: INFO    : 	KernelConfiguration.flushOnInputDataCongtiguous = false                                     [Init: false]
Thu 19:45: INFO    : 	KernelConfiguration.hardwareDebugDepth = 512                                                [Init: 512]
Thu 19:45: INFO    : 	KernelConfiguration.hwHierarchyMode = UNSET                                                 [Init: UNSET]
Thu 19:45: INFO    : 	KernelConfiguration.latencyAnnotation = false                                               [Init: false]
Thu 19:45: INFO    : 	KernelConfiguration.latencyAnnotationIOs =                                                  [Init: null]
Thu 19:45: INFO    : 	KernelConfiguration.maxCoalescedFifoWidth = 2147483647                                      [Init: 2147483647]
Thu 19:45: INFO    : 	KernelConfiguration.maxPreAdderFanOut = 1                                                   [Init: 1]
Thu 19:45: INFO    : 	KernelConfiguration.netlistMode = false                                                     [Init: false]
Thu 19:45: INFO    : 	KernelConfiguration.numPhotonStateMachines = 1                                              [Init: 1]
Thu 19:45: INFO    : 	KernelConfiguration.optimizations.ceCounterRegisterDuplication = 1                          [Init: 1]
Thu 19:45: INFO    : 	KernelConfiguration.optimizations.conditionalArithmetic = true                              [Init: true]
Thu 19:45: INFO    : 	KernelConfiguration.optimizations.counterChainWrapPipelining = 0                            [Init: 0]
Thu 19:45: INFO    : 	KernelConfiguration.optimizations.dspAddChain = OPTIMISE                                    [Init: null, Init after BuildTarget change: OPTIMISE]
Thu 19:45: INFO    : 	KernelConfiguration.optimizations.enableActiveFanoutReduction = false                       [Init: false]
Thu 19:45: INFO    : 	KernelConfiguration.optimizations.enableBUFGCE = false                                      [Init: false]
Thu 19:45: INFO    : 	KernelConfiguration.optimizations.enableBetterInputRegistering = false                      [Init: false]
Thu 19:45: INFO    : 	KernelConfiguration.optimizations.enableBetterRegistering = false                           [Init: false]
Thu 19:45: INFO    : 	KernelConfiguration.optimizations.enableFIFOCoalescingAcrossPlacementConstraints = false    [Init: false]
Thu 19:45: INFO    : 	KernelConfiguration.optimizations.enableFifoCoalescing = true                               [Init: true]
Thu 19:45: INFO    : 	KernelConfiguration.optimizations.enableFullPrecisionBinaryOpConstants = false              [Init: false]
Thu 19:45: INFO    : 	KernelConfiguration.optimizations.enableIntegratedRounding = false                          [Init: false]
Thu 19:45: INFO    : 	KernelConfiguration.optimizations.enableMappedMemoryHostReadBack = true                     [Init: true]
Thu 19:45: INFO    : 	KernelConfiguration.optimizations.enableMultiCycleReset = false                             [Init: false]
Thu 19:45: INFO    : 	KernelConfiguration.optimizations.enablePowerTwoFloatMult = true                            [Init: true]
Thu 19:45: INFO    : 	KernelConfiguration.optimizations.enableRedundantNodeDeletion = true                        [Init: true]
Thu 19:45: INFO    : 	KernelConfiguration.optimizations.enableStateMachineRegisterMerging = true                  [Init: true]
Thu 19:45: INFO    : 	KernelConfiguration.optimizations.inputFlushDistanceFactor = 0                              [Init: 0]
Thu 19:45: INFO    : 	KernelConfiguration.optimizations.minimumStaticFIFOSplitDepth = 1                           [Init: 1]
Thu 19:45: INFO    : 	KernelConfiguration.optimizations.optimizationTechnique = DEFAULT                           [Init: DEFAULT]
Thu 19:45: INFO    : 	KernelConfiguration.optimizations.triAdd = true                                             [Init: true]
Thu 19:45: INFO    : 	KernelConfiguration.partialReconfBlockName =                                                [Init: ]
Thu 19:45: INFO    : 	KernelConfiguration.partialReconfMode = false                                               [Init: false]
Thu 19:45: INFO    : 	KernelConfiguration.partialReconfTemplate = false                                           [Init: false]
Thu 19:45: INFO    : 	KernelConfiguration.replicateNodeCeLog2NumPartitions = 0                                    [Init: 0]
Thu 19:45: INFO    : 	KernelConfiguration.romBRAMBitsThreshold = 2080                                             [Init: 2080]
Thu 19:45: INFO    : 	KernelConfiguration.simulation.ramAddressCollisionBehaviour = EXCEPTION                     [Init: EXCEPTION]
Thu 19:45: INFO    : 	KernelConfiguration.simulation.ramOutOfBoundsAccessBehaviour = EXCEPTION                    [Init: EXCEPTION]
Thu 19:45: INFO    : 	KernelConfiguration.simulation.simProgressMessageFrequency = 0                              [Init: 0]
Thu 19:45: INFO    : 
Thu 19:45: INFO    :  -- 
Thu 19:45: INFO    : Writing current graph to: TwoDAverageVariable-TwoDAverageVariableKernel-original.pxg
Thu 19:45: INFO    : Running kernel graph-pass 'GeneratePXG'.
Thu 19:45: INFO    : Graph-pass 'GeneratePXG' took 223.727 ms (1 iterations)
Thu 19:45: INFO    : Running kernel graph-pass 'MarkConstantPass'.
Thu 19:45: INFO    : Graph-pass 'MarkConstantPass' took 2.56782 ms (1 iterations)
Thu 19:45: INFO    : Running kernel graph-pass 'ReachabilityPass'.
Thu 19:45: INFO    : Graph-pass 'ReachabilityPass' took 7.23510 ms (1 iterations)
Thu 19:45: INFO    : Running kernel graph-pass 'FindInputsLeadingToFlush'.
Thu 19:45: INFO    : Graph-pass 'FindInputsLeadingToFlush' took 148.094 ?s (1 iterations)
Thu 19:45: INFO    : Running kernel graph-pass 'CheckForStatefulToFlushViolations'.
Thu 19:45: INFO    : Graph-pass 'CheckForStatefulToFlushViolations' took 362.494 ?s (1 iterations)
Thu 19:45: INFO    : Running kernel graph-pass 'CheckForInputToFlushViolations'.
Thu 19:45: INFO    : Graph-pass 'CheckForInputToFlushViolations' took 1.06398 ms (1 iterations)
Thu 19:45: INFO    : Not deleting directory (does not exist): neighbours
Thu 19:45: INFO    : Running Photon pre-schedule graph optimisations
Thu 19:45: INFO    : Running kernel graph-pass 'AlignOrEradicatePrintfs'.
Thu 19:45: INFO    : Graph-pass 'AlignOrEradicatePrintfs' took 300.880 ?s (1 iterations)
Thu 19:45: INFO    : Running kernel graph-pass 'FoldConstantsPass'.
Thu 19:45: INFO    : Graph-pass 'FoldConstantsPass' took 1.89884 ms (1 iterations)
Thu 19:45: INFO    : Running kernel graph-pass 'OptimiseNodesPass'.
Thu 19:45: INFO    : Graph-pass 'OptimiseNodesPass' took 14.9445 ms (2 iterations)
Thu 19:45: INFO    : Running kernel graph-pass 'DeleteRedundantNodes'.
Thu 19:45: INFO    : Graph-pass 'DeleteRedundantNodes' took 379.323 ?s (1 iterations)
Thu 19:45: INFO    : Running kernel graph-pass 'AlteraDSPExtractionGraphPass'.
Thu 19:45: INFO    : Optimized 0 sub-graphs into DSP multiply/add chains 
Thu 19:45: INFO    : Graph-pass 'AlteraDSPExtractionGraphPass' took 11.0116 ms (1 iterations)
Thu 19:45: INFO    : Running kernel graph-pass 'TriAddExtractionPass'.
Thu 19:45: INFO    : Graph-pass 'TriAddExtractionPass' took 299.799 ?s (1 iterations)
Thu 19:45: INFO    : Running kernel graph-pass 'ConditionalAddExtractionPass'.
Thu 19:45: INFO    : Optimized 0 sub-graphs into conditional adds/subs/triadds.
Thu 19:45: INFO    : Graph-pass 'ConditionalAddExtractionPass' took 1.20677 ms (1 iterations)
Thu 19:45: INFO    : Running kernel graph-pass 'PO2FPMultOptimiser'.
Thu 19:45: INFO    : Graph-pass 'PO2FPMultOptimiser' took 315.970 ?s (1 iterations)
Thu 19:45: INFO    : Running Photon simulation preparation
Thu 19:45: INFO    : Running kernel graph-pass 'PrepareSimulationPass'.
Thu 19:45: INFO    : Graph-pass 'PrepareSimulationPass' took 312.888 ?s (1 iterations)
Thu 19:45: INFO    : Logging Photon stats to: TwoDAverageVariableKernel_photon_stats.csv
Thu 19:45: INFO    : Running kernel graph-pass 'StatsPass'.
Thu 19:45: INFO    : Graph-pass 'StatsPass' took 2.23677 ms (1 iterations)
Thu 19:45: INFO    : Running kernel graph-pass 'CollectNumericExceptions'.
Thu 19:45: INFO    : Graph-pass 'CollectNumericExceptions' took 298.628 ?s (1 iterations)
Thu 19:45: INFO    : Running kernel graph-pass 'StreamOffsetDivExpand'.
Thu 19:45: INFO    : Graph-pass 'StreamOffsetDivExpand' took 204.667 ?s (1 iterations)
Thu 19:45: INFO    : Running kernel graph-pass 'FindIllegalLoops'.
Thu 19:45: INFO    : Graph-pass 'FindIllegalLoops' took 1.36511 ms (1 iterations)
Thu 19:45: INFO    : Running kernel graph-pass 'MarkConstantPass'.
Thu 19:45: INFO    : Graph-pass 'MarkConstantPass' took 668.362 ?s (1 iterations)
Thu 19:45: INFO    : Running kernel graph-pass 'ScheduleVariables'.
Thu 19:45: INFO    : Running command: "/opt/maxcompiler//bin/cbc" "TwoDAverageVariableKernel_schedule_nxoffset.mps.gz" -threads 4 -solve  -printi csv -solu "TwoDAverageVariableKernel_schedule_nxoffset.csv" > "TwoDAverageVariableKernel_schedule_nxoffset.stdout.log"
Thu 19:45: INFO    : Optimum found: 64
Thu 19:45: INFO    : Graph-pass 'ScheduleVariables' took 89.6660 ms (1 iterations)
Thu 19:45: INFO    : Running kernel graph-pass 'SubstituteEqPlaceholders'.
Thu 19:45: INFO    : Graph-pass 'SubstituteEqPlaceholders' took 126.751 ?s (1 iterations)
Thu 19:45: INFO    : Running kernel graph-pass 'ScheduleApplier'.
Thu 19:45: INFO    : Graph-pass 'ScheduleApplier' took 28.0659 ms (1 iterations)
Thu 19:45: INFO    : Running kernel graph-pass 'MarkConstantPass'.
Thu 19:45: INFO    : Graph-pass 'MarkConstantPass' took 499.443 ?s (1 iterations)
Thu 19:45: INFO    : Running kernel graph-pass 'ScheduleDumper'.
Thu 19:45: INFO    : Graph-pass 'ScheduleDumper' took 4.77677 ms (1 iterations)
Thu 19:45: INFO    : Running Photon post-schedule graph optimisations (pass 1)
Thu 19:45: INFO    : Running kernel graph-pass 'TapFIFOsPass'.
Thu 19:45: INFO    : Graph-pass 'TapFIFOsPass' took 18.9894 ms (2 iterations)
Thu 19:45: INFO    : Running kernel graph-pass 'FoldFIFOsPass'.
Thu 19:45: INFO    : Graph-pass 'FoldFIFOsPass' took 1.00260 ms (1 iterations)
Thu 19:45: INFO    : Running kernel graph-pass 'MarkConstantPass'.
Thu 19:45: INFO    : Graph-pass 'MarkConstantPass' took 446.940 ?s (1 iterations)
Thu 19:45: INFO    : Running kernel graph-pass 'ValidateFIFOs'.
Thu 19:45: INFO    : Graph-pass 'ValidateFIFOs' took 20.9949 ms (1 iterations)
Thu 19:45: INFO    : Running kernel graph-pass 'MarkConstantPass'.
Thu 19:45: INFO    : Graph-pass 'MarkConstantPass' took 368.184 ?s (1 iterations)
Thu 19:45: INFO    : Running kernel graph-pass 'ScheduleDumper'.
Thu 19:45: INFO    : Graph-pass 'ScheduleDumper' took 3.22777 ms (1 iterations)
Thu 19:45: INFO    : Running kernel graph-pass 'MarkConstantPass'.
Thu 19:45: INFO    : Graph-pass 'MarkConstantPass' took 405.930 ?s (1 iterations)
Thu 19:45: INFO    : Running kernel graph-pass 'ScheduleConstants'.
Thu 19:45: INFO    : Running command: "/opt/maxcompiler//bin/cbc" "TwoDAverageVariableKernel_schedule_C.mps.gz" -threads 4 -solve  -printi csv -solu "TwoDAverageVariableKernel_schedule_C.csv" > "TwoDAverageVariableKernel_schedule_C.stdout.log"
Thu 19:45: INFO    : Optimum found: 2402
Thu 19:45: INFO    : Graph-pass 'ScheduleConstants' took 86.0442 ms (1 iterations)
Thu 19:45: INFO    : Running kernel graph-pass 'MarkConstantPass'.
Thu 19:45: INFO    : Graph-pass 'MarkConstantPass' took 506.082 ?s (1 iterations)
Thu 19:45: INFO    : Running kernel graph-pass 'ScheduleDumper'.
Thu 19:45: INFO    : Graph-pass 'ScheduleDumper' took 2.48283 ms (1 iterations)
Thu 19:45: INFO    : Running kernel graph-pass 'SubstituteEqPlaceholders'.
Thu 19:45: INFO    : Graph-pass 'SubstituteEqPlaceholders' took 1.07922 ms (1 iterations)
Thu 19:45: INFO    : Running kernel graph-pass 'RemoveDistMeasurementNodes'.
Thu 19:45: INFO    : Graph-pass 'RemoveDistMeasurementNodes' took 45.5390 ?s (1 iterations)
Thu 19:45: INFO    : Running kernel graph-pass 'ScheduleApplier'.
Thu 19:45: INFO    : Graph-pass 'ScheduleApplier' took 51.3893 ms (1 iterations)
Thu 19:45: INFO    : Maximum stream latency for kernel 'TwoDAverageVariableKernel': 8203
Thu 19:45: INFO    : Using user logic for flush.
Thu 19:45: INFO    : Running Photon post-schedule graph optimisations (pass 2)
Thu 19:45: INFO    : Running kernel graph-pass 'TapFIFOsPass'.
Thu 19:45: INFO    : Graph-pass 'TapFIFOsPass' took 19.9761 ms (2 iterations)
Thu 19:45: INFO    : Running kernel graph-pass 'FoldFIFOsPass'.
Thu 19:45: INFO    : Graph-pass 'FoldFIFOsPass' took 1.44495 ms (1 iterations)
Thu 19:45: INFO    : Running kernel graph-pass 'MarkConstantPass'.
Thu 19:45: INFO    : Graph-pass 'MarkConstantPass' took 517.359 ?s (1 iterations)
Thu 19:45: INFO    : Running kernel graph-pass 'ScheduleAsserter'.
Thu 19:45: INFO    : Graph-pass 'ScheduleAsserter' took 3.68191 ms (1 iterations)
Thu 19:45: INFO    : Running kernel graph-pass 'ReplaceEvalStreamOffsetNodes'.
Thu 19:45: INFO    : Graph-pass 'ReplaceEvalStreamOffsetNodes' took 374.481 ?s (1 iterations)
Thu 19:45: INFO    : Running kernel graph-pass 'FIFOReport'.
Thu 19:45: INFO    : Graph-pass 'FIFOReport' took 3.71105 ms (1 iterations)
Thu 19:45: INFO    : Running kernel graph-pass 'StatsPass'.
Thu 19:45: INFO    : Graph-pass 'StatsPass' took 1.91189 ms (1 iterations)
Thu 19:45: INFO    : Running kernel graph-pass 'RemoveUntypedConstants'.
Thu 19:45: INFO    : Graph-pass 'RemoveUntypedConstants' took 15.0808 ms (1 iterations)
Thu 19:45: INFO    : Running kernel graph-pass 'VariableSizeMappedRegInserter'.
Thu 19:45: INFO    : Making reg for eq: (max(1, min((-2 + nxoffset), 4094)) + -1)
Thu 19:45: INFO    : Graph-pass 'VariableSizeMappedRegInserter' took 11.9088 ms (2 iterations)
Thu 19:45: INFO    : Running kernel graph-pass 'MarkConstantPass'.
Thu 19:45: INFO    : Graph-pass 'MarkConstantPass' took 498.347 ?s (1 iterations)
Thu 19:45: INFO    : Running kernel graph-pass 'MakeMaxFileNodeData'.
Thu 19:45: INFO    : Graph-pass 'MakeMaxFileNodeData' took 7.33215 ms (1 iterations)
Thu 19:45: INFO    : Running kernel graph-pass 'MoveFanoutRegsForwards'.
Thu 19:45: INFO    : Graph-pass 'MoveFanoutRegsForwards' took 336.001 ?s (1 iterations)
Thu 19:45: INFO    : Optimization report for Kernel 'TwoDAverageVariableKernel'.
Thu 19:45: INFO    : Enabled optimizations:
Thu 19:45: INFO    : 	DSP-MultAdd
Thu 19:45: INFO    : 	Tri-Adder
Thu 19:45: INFO    : 	Conditional (Tri)Adds/Subs/AddSubs
Thu 19:45: INFO    : 	Power-of-2 Floating Point
Thu 19:45: INFO    : Creating a preliminary MaxCompilerDesignData.dat. (@ CoreCompile TwoDAverageVariableKernel)
Thu 19:45: INFO    : Total compilation of 'TwoDAverageVariableKernel' took 888.796 ms.
Thu 19:45: INFO    : Running kernel graph-pass 'MarkConstantPass'.
Thu 19:45: INFO    : Graph-pass 'MarkConstantPass' took 551.119 ?s (1 iterations)
Thu 19:45: INFO    : Running kernel graph-pass 'MaxConstantLatency'.
Thu 19:45: INFO    : Graph-pass 'MaxConstantLatency' took 1.17374 ms (1 iterations)
Thu 19:45: INFO    : Running kernel graph-pass 'SimCodeGraphPass'.
Thu 19:45: INFO    : Graph-pass 'SimCodeGraphPass' took 16.2285 ms (1 iterations)
Thu 19:45: INFO    : Writing current graph to: TwoDAverageVariable-TwoDAverageVariableKernel-final-simulation.pxg
Thu 19:45: INFO    : Running kernel graph-pass 'GeneratePXG'.
Thu 19:45: INFO    : Graph-pass 'GeneratePXG' took 53.9271 ms (1 iterations)
Thu 19:45: INFO    : Running manager compiler graph-pass: GenerateMXGInfo
Thu 19:45: INFO    : Running manager compiler graph-pass: ScheduleStallLatency
Thu 19:45: INFO    : Running manager compiler graph-pass: ClockWidthAssignment
Thu 19:45: INFO    : Running manager compiler graph-pass: InsertDualAspectLogic
Thu 19:45: INFO    : Running manager compiler graph-pass: ClockWidthAssignment
Thu 19:45: INFO    : Running manager compiler graph-pass: InsertPullPushAdapter
Thu 19:45: INFO    : Running manager compiler graph-pass: ClockWidthAssignment
Thu 19:45: INFO    : Running manager compiler graph-pass: InsertStreamFifos
Thu 19:45: INFO    : Running manager compiler graph-pass: ClockWidthAssignment
Thu 19:45: INFO    : Running manager compiler graph-pass: InsertStreamStatus
Thu 19:45: INFO    : Running manager compiler graph-pass: InsertChipscope
Thu 19:45: INFO    : Inserted 0 chipscope manager nodes.
Thu 19:45: INFO    : Running manager compiler graph-pass: ClockWidthAssignment
Thu 19:45: INFO    : Running manager compiler graph-pass: ReportClockAssignments
Thu 19:45: INFO    : Running manager compiler graph-pass: BuildSoftwareSim
Thu 19:45: INFO    : Mapped register report:
Thu 19:45: INFO    : 	0	io_inStream_force_disabled	1bytes
Thu 19:45: INFO    : 	1	mask0	4bytes
Thu 19:45: INFO    : 	5	mask1	4bytes
Thu 19:45: INFO    : 	9	mask2	4bytes
Thu 19:45: INFO    : 	d	mask3	4bytes
Thu 19:45: INFO    : 	11	mask4	4bytes
Thu 19:45: INFO    : 	15	mask5	4bytes
Thu 19:45: INFO    : 	19	mask6	4bytes
Thu 19:45: INFO    : 	1d	mask7	4bytes
Thu 19:45: INFO    : 	21	mask8	4bytes
Thu 19:45: INFO    : 	25	io_outStream_force_disabled	1bytes
Thu 19:45: INFO    : 	26	run_cycle_count	6bytes
Thu 19:45: INFO    : 	2c	delay_eq_0	2bytes
Thu 19:45: INFO    : 	2e	ce_delay_eq_0	2bytes
Thu 19:45: INFO    : 	30	ce_delay_eq_1	2bytes
Thu 19:45: INFO    : 	32	ce_delay_eq_2	2bytes
Thu 19:45: INFO    : 	34	ce_delay_eq_3	2bytes
Thu 19:45: INFO    : 	36	current_run_cycle_count	6bytes
Thu 19:45: INFO    : 	3c	dbg_ctld_almost_empty	1bytes
Thu 19:45: INFO    : 	3d	dbg_ctld_done	1bytes
Thu 19:45: INFO    : 	3e	dbg_ctld_empty	1bytes
Thu 19:45: INFO    : 	3f	dbg_ctld_read	1bytes
Thu 19:45: INFO    : 	40	dbg_ctld_read_pipe_dbg	1bytes
Thu 19:45: INFO    : 	41	dbg_ctld_request	1bytes
Thu 19:45: INFO    : 	42	dbg_done_out	1bytes
Thu 19:45: INFO    : 	43	dbg_fill_level	2bytes
Thu 19:45: INFO    : 	45	dbg_flush_level	2bytes
Thu 19:45: INFO    : 	47	dbg_flush_start	1bytes
Thu 19:45: INFO    : 	48	dbg_flush_start_level	2bytes
Thu 19:45: INFO    : 	4a	dbg_flushing	1bytes
Thu 19:45: INFO    : 	4b	dbg_full_level	2bytes
Thu 19:45: INFO    : 	4d	dbg_out_stall	1bytes
Thu 19:45: INFO    : 	4e	dbg_out_valid	1bytes
Thu 19:45: INFO    : 	4f	dbg_stall_vector	1bytes
Thu 19:45: INFO    : 	50	ifpga_ctrl	1bytes
Thu 19:45: INFO    : 	51	SFA_FORWARD_EN	4bytes
Thu 19:45: INFO    : Mapped register chain length = 85
Thu 19:45: INFO    : Mapped register efficiency = 0.82 (560 / 680 bits)
Thu 19:45: INFO    : Mapped memory report:
Thu 19:45: INFO    : 	No mapped memories in this design.
Thu 19:45: INFO    : Running manager compiler graph-pass: GenerateMXGInfo
Thu 19:45: INFO    : Running manager compiler graph-pass: GenerateSlicHostCode
Thu 19:45: INFO    : Generating SLIC interface information
Thu 19:45: INFO    : Generating SLIC code for interface 'default'
Thu 19:45: INFO    : Skipping blacklisted scalar parameter 'TwoDAverageVariableKernel.current_run_cycle_count'
Thu 19:45: INFO    : Interface 'default' depends on parameter 'N'
Thu 19:45: INFO    : Generating XML description for Maxfile
Thu 19:45: INFO    : Generating XML description for mode 'default'
Thu 19:45: INFO    : Skipping blacklisted scalar parameter 'TwoDAverageVariableKernel.current_run_cycle_count'
Thu 19:45: INFO    : Interface 'default' depends on parameter 'N'
Thu 19:45: INFO    : Adding SLIC sections to the maxfile
Thu 19:45: INFO    : Adding user files to the maxfile
Thu 19:45: INFO    : Generating SLIC include file
Thu 19:45: INFO    : Done generating SLIC interface information
Thu 19:45: PROGRESS: Running back-end simulation build (3 phases)
Thu 19:45: PROGRESS: (1/3) - Prepare MaxFile Data (GenerateMaxFileDataFile)
Thu 19:45: INFO    : Build pass 'GenerateMaxFileDataFile' took 14.3046 ms.
Thu 19:45: PROGRESS: (2/3) - Compile Simulation Modules (SimCompilePass)
Thu 19:45: INFO    : Running command: make -j2
Thu 19:45: INFO    : make[3]: Entering directory `/tmp/TwoDAverageVariable_MAIA_DFE_SIM/scratch/software-sim/build'
Thu 19:45: INFO    : mkdir -p objdir
Thu 19:45: INFO    : mkdir -p stdsimheader.h.gch
Thu 19:45: INFO    : /opt/maxcompiler//lib/clang/bin/start.sh clang++ -c -fPIC -B/opt/maxcompiler//lib/gcc -fbracket-depth=1024 -D_GLIBCXX__PTHREADS -D__USE_XOPEN2K8 -O3  -I. -I/opt/maxcompiler//lib/boost/include -I/opt/maxcompiler//lib/maxeleros-sim/include -I/opt/maxcompiler//lib/lwip_sim -I/opt/maxcompiler//lib/lwip_sim/include -I/opt/maxcompiler//lib/lwip_sim/include/arch -I/opt/maxcompiler//lib/lwip_sim/include/ipv4  -DHAVE_KERNELS -DMAXFILE_INC="../../MaxCompilerDesignData.dat" -g0  -DSLIC_NO_DECLARATIONS   -O0 -DOPTIMIZATION_LEVEL=0 -x c++-header \
Thu 19:45: INFO    : 		-o stdsimheader.h.gch/O0_stdsimheader.h.gch stdsimheader.h
Thu 19:45: INFO    : /opt/maxcompiler//lib/clang/bin/start.sh clang++ -c -fPIC -B/opt/maxcompiler//lib/gcc -fbracket-depth=1024 -D_GLIBCXX__PTHREADS -D__USE_XOPEN2K8 -O3  -I. -I/opt/maxcompiler//lib/boost/include -I/opt/maxcompiler//lib/maxeleros-sim/include -I/opt/maxcompiler//lib/lwip_sim -I/opt/maxcompiler//lib/lwip_sim/include -I/opt/maxcompiler//lib/lwip_sim/include/arch -I/opt/maxcompiler//lib/lwip_sim/include/ipv4  -DHAVE_KERNELS -DMAXFILE_INC="../../MaxCompilerDesignData.dat" -g0  -DSLIC_NO_DECLARATIONS   -fno-implicit-templates -O2 -DOPTIMIZATION_LEVEL=2 -x c++-header \
Thu 19:45: INFO    : 		-o stdsimheader.h.gch/NoTplInst_O2_stdsimheader.h.gch stdsimheader.h
Thu 19:45: INFO    : make TwoDAverageVariable.so
Thu 19:45: INFO    : make[4]: Entering directory `/tmp/TwoDAverageVariable_MAIA_DFE_SIM/scratch/software-sim/build'
Thu 19:45: INFO    : /opt/maxcompiler//lib/clang/bin/start.sh clang++ -c -fPIC -B/opt/maxcompiler//lib/gcc -fbracket-depth=1024 -D_GLIBCXX__PTHREADS -D__USE_XOPEN2K8 -O3  -I. -I/opt/maxcompiler//lib/boost/include -I/opt/maxcompiler//lib/maxeleros-sim/include -I/opt/maxcompiler//lib/lwip_sim -I/opt/maxcompiler//lib/lwip_sim/include -I/opt/maxcompiler//lib/lwip_sim/include/arch -I/opt/maxcompiler//lib/lwip_sim/include/ipv4  -DHAVE_KERNELS -DMAXFILE_INC="../../MaxCompilerDesignData.dat" -g0  -DSLIC_NO_DECLARATIONS   -fno-implicit-templates -include-pch stdsimheader.h.gch -O2 -DOPTIMIZATION_LEVEL=2 -o objdir/TwoDAverageVariableKernel_exec0.NoTplInst.O2.o TwoDAverageVariableKernel_exec0.cpp
Thu 19:45: INFO    : /opt/maxcompiler//lib/clang/bin/start.sh clang++ -c -fPIC -B/opt/maxcompiler//lib/gcc -fbracket-depth=1024 -D_GLIBCXX__PTHREADS -D__USE_XOPEN2K8 -O3  -I. -I/opt/maxcompiler//lib/boost/include -I/opt/maxcompiler//lib/maxeleros-sim/include -I/opt/maxcompiler//lib/lwip_sim -I/opt/maxcompiler//lib/lwip_sim/include -I/opt/maxcompiler//lib/lwip_sim/include/arch -I/opt/maxcompiler//lib/lwip_sim/include/ipv4  -DHAVE_KERNELS -DMAXFILE_INC="../../MaxCompilerDesignData.dat" -g0  -DSLIC_NO_DECLARATIONS   -include-pch stdsimheader.h.gch -O0 -DOPTIMIZATION_LEVEL=0 -o objdir/TwoDAverageVariableKernel.O0.o TwoDAverageVariableKernel.cpp
Thu 19:45: INFO    : /opt/maxcompiler//lib/clang/bin/start.sh clang++ -fPIC -B/opt/maxcompiler//lib/gcc -fbracket-depth=1024 -D_GLIBCXX__PTHREADS -D__USE_XOPEN2K8 -O3  -I. -I/opt/maxcompiler//lib/boost/include -I/opt/maxcompiler//lib/maxeleros-sim/include -I/opt/maxcompiler//lib/lwip_sim -I/opt/maxcompiler//lib/lwip_sim/include -I/opt/maxcompiler//lib/lwip_sim/include/arch -I/opt/maxcompiler//lib/lwip_sim/include/ipv4  -DHAVE_KERNELS -DMAXFILE_INC="../../MaxCompilerDesignData.dat" -g0  -DSLIC_NO_DECLARATIONS   -MM -MP -MT objdir/TwoDAverageVariableKernel.O0.o \
Thu 19:45: INFO    : 		TwoDAverageVariableKernel.cpp > objdir/TwoDAverageVariableKernel.O0.d
Thu 19:45: INFO    : /opt/maxcompiler//lib/clang/bin/start.sh clang++ -c -fPIC -B/opt/maxcompiler//lib/gcc -fbracket-depth=1024 -D_GLIBCXX__PTHREADS -D__USE_XOPEN2K8 -O3  -I. -I/opt/maxcompiler//lib/boost/include -I/opt/maxcompiler//lib/maxeleros-sim/include -I/opt/maxcompiler//lib/lwip_sim -I/opt/maxcompiler//lib/lwip_sim/include -I/opt/maxcompiler//lib/lwip_sim/include/arch -I/opt/maxcompiler//lib/lwip_sim/include/ipv4  -DHAVE_KERNELS -DMAXFILE_INC="../../MaxCompilerDesignData.dat" -g0  -DSLIC_NO_DECLARATIONS   -include-pch stdsimheader.h.gch -O2 -DOPTIMIZATION_LEVEL=2 -o objdir/TwoDAverageVariableKernel_Templates.O2.o TwoDAverageVariableKernel_Templates.cpp
Thu 19:45: INFO    : /opt/maxcompiler//lib/clang/bin/start.sh clang++ -fPIC -B/opt/maxcompiler//lib/gcc -fbracket-depth=1024 -D_GLIBCXX__PTHREADS -D__USE_XOPEN2K8 -O3  -I. -I/opt/maxcompiler//lib/boost/include -I/opt/maxcompiler//lib/maxeleros-sim/include -I/opt/maxcompiler//lib/lwip_sim -I/opt/maxcompiler//lib/lwip_sim/include -I/opt/maxcompiler//lib/lwip_sim/include/arch -I/opt/maxcompiler//lib/lwip_sim/include/ipv4  -DHAVE_KERNELS -DMAXFILE_INC="../../MaxCompilerDesignData.dat" -g0  -DSLIC_NO_DECLARATIONS   -MM -MP -MT objdir/TwoDAverageVariableKernel_exec0.NoTplInst.O2.o \
Thu 19:45: INFO    : 		TwoDAverageVariableKernel_exec0.cpp > objdir/TwoDAverageVariableKernel_exec0.NoTplInst.O2.d
Thu 19:45: INFO    : /opt/maxcompiler//lib/clang/bin/start.sh clang++ -c -fPIC -B/opt/maxcompiler//lib/gcc -fbracket-depth=1024 -D_GLIBCXX__PTHREADS -D__USE_XOPEN2K8 -O3  -I. -I/opt/maxcompiler//lib/boost/include -I/opt/maxcompiler//lib/maxeleros-sim/include -I/opt/maxcompiler//lib/lwip_sim -I/opt/maxcompiler//lib/lwip_sim/include -I/opt/maxcompiler//lib/lwip_sim/include/arch -I/opt/maxcompiler//lib/lwip_sim/include/ipv4  -DHAVE_KERNELS -DMAXFILE_INC="../../MaxCompilerDesignData.dat" -g0  -DSLIC_NO_DECLARATIONS   -include-pch stdsimheader.h.gch -O0 -DOPTIMIZATION_LEVEL=0 -o objdir/max_msi.O0.o max_msi.cpp
Thu 19:45: INFO    : In file included from max_msi.cpp:19:
Thu 19:45: INFO    : /tmp/TwoDAverageVariable_MAIA_DFE_SIM/scratch/software-sim/build/MaxFile.h:4:9: warning: '_QUOTE' macro redefined [-Wmacro-redefined]
Thu 19:45: INFO    : #define _QUOTE(what) #what
Thu 19:45: INFO    :         ^
Thu 19:45: INFO    : /opt/maxcompiler//lib/maxeleros-sim/include/maxrt_error.h:87:9: note: previous definition is here
Thu 19:45: INFO    : #define _QUOTE(x) #x
Thu 19:45: INFO    :         ^
Thu 19:45: INFO    : 1 warning generated.
Thu 19:45: INFO    : /opt/maxcompiler//lib/clang/bin/start.sh clang++ -fPIC -B/opt/maxcompiler//lib/gcc -fbracket-depth=1024 -D_GLIBCXX__PTHREADS -D__USE_XOPEN2K8 -O3  -I. -I/opt/maxcompiler//lib/boost/include -I/opt/maxcompiler//lib/maxeleros-sim/include -I/opt/maxcompiler//lib/lwip_sim -I/opt/maxcompiler//lib/lwip_sim/include -I/opt/maxcompiler//lib/lwip_sim/include/arch -I/opt/maxcompiler//lib/lwip_sim/include/ipv4  -DHAVE_KERNELS -DMAXFILE_INC="../../MaxCompilerDesignData.dat" -g0  -DSLIC_NO_DECLARATIONS   -MM -MP -MT objdir/max_msi.O0.o \
Thu 19:45: INFO    : 		max_msi.cpp > objdir/max_msi.O0.d
Thu 19:45: INFO    : /opt/maxcompiler//lib/clang/bin/start.sh clang++ -fPIC -B/opt/maxcompiler//lib/gcc -fbracket-depth=1024 -D_GLIBCXX__PTHREADS -D__USE_XOPEN2K8 -O3  -I. -I/opt/maxcompiler//lib/boost/include -I/opt/maxcompiler//lib/maxeleros-sim/include -I/opt/maxcompiler//lib/lwip_sim -I/opt/maxcompiler//lib/lwip_sim/include -I/opt/maxcompiler//lib/lwip_sim/include/arch -I/opt/maxcompiler//lib/lwip_sim/include/ipv4  -DHAVE_KERNELS -DMAXFILE_INC="../../MaxCompilerDesignData.dat" -g0  -DSLIC_NO_DECLARATIONS   -MM -MP -MT objdir/TwoDAverageVariableKernel_Templates.O2.o \
Thu 19:45: INFO    : 		TwoDAverageVariableKernel_Templates.cpp > objdir/TwoDAverageVariableKernel_Templates.O2.d
Thu 19:45: INFO    : /opt/maxcompiler//lib/clang/bin/start.sh clang++ -fPIC -shared -B/opt/maxcompiler//lib/gcc -L/opt/maxcompiler//lib/boost/lib -lboost_thread -lboost_system -lboost_filesystem -lrt -pthread -O2 -s  -o TwoDAverageVariable.so objdir/TwoDAverageVariableKernel_exec0.NoTplInst.O2.o objdir/TwoDAverageVariableKernel.O0.o objdir/TwoDAverageVariableKernel_Templates.O2.o objdir/max_msi.O0.o StructToGroupDummy.o Mux.o DualAspectMux.o Demux.o Fanout.o CapRegs.o IFPGARegs.o ChecksumMem.o PCIe.o KernelManagerBlockSync.o DualAspectReg.o PullPushAdapter.o FilePullSource.o max_shared_fifo.o SharedFIFO.o Fifos.o FilePushSink.o SimTerminator.o Watch.o StreamStatus.o RunLengthExpander.o ManagerBlock.o MappedElements.o ManagerSync.o PullSync.o PushSync.o DynamicVarUInt.o SimException.o DebugStreams.o AddressGenerator.o MemoryControllerPro.o MemoryControllerRAM.o MemoryControllerCommand.o MemoryControllerStreams.o MemoryControllerConfig.o TCP.o Ethernet.o Timestamp.o /opt/maxcompiler//lib/lwip_sim/lib/liblwip.a
Thu 19:45: INFO    : make[4]: Leaving directory `/tmp/TwoDAverageVariable_MAIA_DFE_SIM/scratch/software-sim/build'
Thu 19:45: INFO    : make[3]: Leaving directory `/tmp/TwoDAverageVariable_MAIA_DFE_SIM/scratch/software-sim/build'
Thu 19:45: INFO    : Build pass 'SimCompilePass' took 6.86976 s.
Thu 19:45: PROGRESS: (3/3) - Generate MaxFile (AddSimObjectToMaxFilePass)
Thu 19:45: INFO    : Build pass 'AddSimObjectToMaxFilePass' took 222.760 ms.
Thu 19:45: INFO    : Final result files after build: 
Thu 19:45: INFO    : Running command: ln -sf "../scratch/TwoDAverageVariable-TwoDAverageVariableKernel-original.pxg"
Thu 19:45: INFO    : TwoDAverageVariable-TwoDAverageVariableKernel-original.pxg (BuildFilePXG)
Thu 19:45: INFO    : Running command: ln -sf "../scratch/TwoDAverageVariableKernel_Configuration.txt"
Thu 19:45: INFO    : TwoDAverageVariableKernel_Configuration.txt (BuildFile)
Thu 19:45: INFO    : Running command: ln -sf "../scratch/TwoDAverageVariableKernel_NodeDiary.txt"
Thu 19:45: INFO    : TwoDAverageVariableKernel_NodeDiary.txt (BuildFile)
Thu 19:45: INFO    : Running command: ln -sf "../scratch/TwoDAverageVariable-TwoDAverageVariableKernel-final-simulation.pxg"
Thu 19:45: INFO    : TwoDAverageVariable-TwoDAverageVariableKernel-final-simulation.pxg (BuildFilePXG)
Thu 19:45: INFO    : Running command: ln -sf "../scratch/TwoDAverageVariable.xml"
Thu 19:45: INFO    : TwoDAverageVariable.xml (BuildFile)
Thu 19:45: INFO    : Running command: ln -sf "../scratch/TwoDAverageVariable.h"
Thu 19:45: INFO    : TwoDAverageVariable.h (BuildFileSlicH)
Thu 19:45: INFO    : Running command: ln -sf "../scratch/TwoDAverageVariable.max"
Thu 19:45: INFO    : TwoDAverageVariable.max (BuildFileMaxFile)
Thu 19:45: INFO    : Result files will be copied to '/home/a01406933/WebIDE-Projects/Erosion/CPUCode/results'
Thu 19:45: INFO    : Result 'TwoDAverageVariable-TwoDAverageVariableKernel-original.pxg' is identical to '/home/a01406933/WebIDE-Projects/Erosion/CPUCode/results/TwoDAverageVariable-TwoDAverageVariableKernel-original.pxg': not overwriting.
Thu 19:45: INFO    : Result 'TwoDAverageVariable-TwoDAverageVariableKernel-final-simulation.pxg' is identical to '/home/a01406933/WebIDE-Projects/Erosion/CPUCode/results/TwoDAverageVariable-TwoDAverageVariableKernel-final-simulation.pxg': not overwriting.
Thu 19:45: INFO    : Result 'TwoDAverageVariable.h' is identical to '/home/a01406933/WebIDE-Projects/Erosion/CPUCode/results/TwoDAverageVariable.h': not overwriting.
Thu 19:45: INFO    : Copying result 'TwoDAverageVariable.max' to '/home/a01406933/WebIDE-Projects/Erosion/CPUCode/results/TwoDAverageVariable.max'
Thu 19:45: INFO    : Running command: cp -rf "/tmp/TwoDAverageVariable_MAIA_DFE_SIM/scratch/TwoDAverageVariable.max" "/home/a01406933/WebIDE-Projects/Erosion/CPUCode/results/TwoDAverageVariable.max"
Thu 19:45: PROGRESS: MaxFile: /tmp/TwoDAverageVariable_MAIA_DFE_SIM/results/TwoDAverageVariable.max (MD5Sum: e46266f5ae69d1aa2f2fc783e8759434)
Thu 19:45: INFO    : Waiting for any outstanding jobs to finish... 
Thu 19:45: PROGRESS: Build completed: Thu May 31 19:45:41 UTC 2018 (took 9 secs)
